#
# A fatal error has been detected by the Java Runtime Environment:
#
#  EXCEPTION_ACCESS_VIOLATION (0xc0000005) at pc=0x000000006678f720, pid=2924, tid=0x00000000000023c8
#
# JRE version: Java(TM) SE Runtime Environment (8.0_101-b13) (build 1.8.0_101-b13)
# Java VM: Java HotSpot(TM) 64-Bit Server VM (25.101-b13 mixed mode windows-amd64 compressed oops)
# Problematic frame:
# V  [jvm.dll+0xaf720]
#
# Failed to write core dump. Minidumps are not enabled by default on client versions of Windows
#
# If you would like to submit a bug report, please visit:
#   http://bugreport.java.com/bugreport/crash.jsp
#

---------------  T H R E A D  ---------------

Current thread (0x000000000211d000):  GCTaskThread [stack: 0x0000000011ed0000,0x0000000011fd0000] [id=9160]

siginfo: ExceptionCode=0xc0000005, reading address 0x0000000752ad4190

Registers:
RAX=0x0000000000000001, RBX=0x00000000fa2e3338, RCX=0x00000000fa2e3338, RDX=0x0000000752ad4188
RSP=0x0000000011fcf5f8, RBP=0x0000000000000000, RSI=0x0000000015fb5700, RDI=0x000000001e20c770
R8 =0x0000000015fb5700, R9 =0x0000000100000208, R10=0x00560029003b0072, R11=0x00000000f4126be0
R12=0x0000000066d337c8, R13=0x000000000000001d, R14=0x0000000000000000, R15=0x000000000211d9b0
RIP=0x000000006678f720, EFLAGS=0x0000000000010206

Top of Stack: (sp=0x0000000011fcf5f8)
0x0000000011fcf5f8:   0000000066ae06d2 0000000000000021
0x0000000011fcf608:   0000000000000003 0000000015fb5700
0x0000000011fcf618:   00007fffc2c11118 00000000f4122348
0x0000000011fcf628:   0000000066ae0e1b 0000000015fb5700
0x0000000011fcf638:   00000000667f2c13 0000000000000000
0x0000000011fcf648:   0000000002111601 0000000066d337c8
0x0000000011fcf658:   0000000066ae0a40 00000000f4126bc0
0x0000000011fcf668:   0000000000000000 0000000015fb5700
0x0000000011fcf678:   000000001e20c770 00000000f4126bc0
0x0000000011fcf688:   0000000066ae1415 00000000f9bc8030
0x0000000011fcf698:   0000000000000000 0000000015fb5700
0x0000000011fcf6a8:   00000000115fbc80 00000000a778ffc0
0x0000000011fcf6b8:   00000000668f69bd 00000000115fc000
0x0000000011fcf6c8:   00000000115fbfc1 0000000000000400
0x0000000011fcf6d8:   0000000000000080 0000000001ffd8c0
0x0000000011fcf6e8:   00000000668fd202 000000000211d000 

Instructions: (pc=0x000000006678f720)
0x000000006678f700:   0c b7 1d 00 48 8b 9c 24 d0 00 00 00 48 81 c4 c0
0x000000006678f710:   00 00 00 5d c3 cc cc cc cc cc cc cc cc cc cc cc
0x000000006678f720:   44 8b 42 08 4c 8b ca 45 85 c0 7e 0e 41 f6 c0 01
0x000000006678f730:   75 57 41 c1 f8 03 41 8b c0 c3 79 4d 80 3d 2e bc 


Register to memory mapping:

RAX=0x0000000000000001 is an unknown value
RBX=0x00000000fa2e3338 is an oop

[error occurred during error reporting (printing register info), id 0xc0000005]

Stack: [0x0000000011ed0000,0x0000000011fd0000],  sp=0x0000000011fcf5f8,  free space=1021k
Native frames: (J=compiled Java code, j=interpreted, Vv=VM code, C=native code)


---------------  P R O C E S S  ---------------

Java Threads: ( => current thread )
  0x000000001ee03000 JavaThread "Cache worker for Artifact transforms cache (C:\Users\Admin\.gradle\caches\transforms-1)" [_thread_blocked, id=5352, stack(0x000000001ef90000,0x000000001f090000)]
  0x000000001ee01800 JavaThread "Cache worker for file hash cache (C:\Users\Admin\Desktop\TIS\TIS Merchant\.gradle\4.0\fileHashes)" [_thread_blocked, id=8968, stack(0x000000001ccf0000,0x000000001cdf0000)]
  0x000000001edfc800 JavaThread "Stdin handler" [_thread_blocked, id=7148, stack(0x000000001c7f0000,0x000000001c8f0000)]
  0x000000001edff800 JavaThread "Asynchronous log dispatcher for DefaultDaemonConnection: socket connection from /127.0.0.1:57979 to /127.0.0.1:60690" [_thread_blocked, id=2832, stack(0x000000001c5f0000,0x000000001c6f0000)]
  0x000000001edfb800 JavaThread "Cancel handler" [_thread_blocked, id=4904, stack(0x000000001c3f0000,0x000000001c4f0000)]
  0x000000001edfd000 JavaThread "Handler for socket connection from /127.0.0.1:57979 to /127.0.0.1:60690" [_thread_in_native, id=2140, stack(0x000000001c0f0000,0x000000001c1f0000)]
  0x000000001edfe000 JavaThread "Daemon worker Thread 6" [_thread_blocked, id=4352, stack(0x000000001c4f0000,0x000000001c5f0000)]
  0x000000001edf8800 JavaThread "Daemon Thread 6" [_thread_blocked, id=3044, stack(0x000000001bff0000,0x000000001c0f0000)]
  0x000000001edfa000 JavaThread "pool-15-thread-2" [_thread_blocked, id=5376, stack(0x00000000299f0000,0x0000000029af0000)]
  0x000000001edf9800 JavaThread "pool-15-thread-1" [_thread_blocked, id=3444, stack(0x00000000295f0000,0x00000000296f0000)]
  0x000000001a340800 JavaThread "Memory manager" [_thread_blocked, id=7304, stack(0x00000000225e0000,0x00000000226e0000)]
  0x000000001a4bb000 JavaThread "File lock request listener" [_thread_in_native, id=6216, stack(0x000000001c9f0000,0x000000001caf0000)]
  0x000000001a4be000 JavaThread "Cache worker for file hash cache (C:\Users\Admin\.gradle\caches\4.0\fileHashes)" [_thread_blocked, id=2524, stack(0x000000001c8f0000,0x000000001c9f0000)]
  0x0000000019d15000 JavaThread "Daemon periodic checks" [_thread_blocked, id=2368, stack(0x000000001bef0000,0x000000001bff0000)]
  0x000000001985c000 JavaThread "Incoming local TCP Connector on port 57979" [_thread_in_native, id=4732, stack(0x000000001b9f0000,0x000000001baf0000)]
  0x0000000019763800 JavaThread "Daemon health stats" [_thread_blocked, id=96, stack(0x000000001b8f0000,0x000000001b9f0000)]
  0x0000000017f5a000 JavaThread "Service Thread" daemon [_thread_blocked, id=2124, stack(0x0000000018a70000,0x0000000018b70000)]
  0x0000000017ecd000 JavaThread "C1 CompilerThread3" daemon [_thread_blocked, id=6708, stack(0x0000000018970000,0x0000000018a70000)]
  0x0000000017ec1000 JavaThread "C2 CompilerThread2" daemon [_thread_blocked, id=7144, stack(0x0000000018870000,0x0000000018970000)]
  0x0000000017ebd000 JavaThread "C2 CompilerThread1" daemon [_thread_blocked, id=5320, stack(0x0000000018770000,0x0000000018870000)]
  0x0000000017eb9800 JavaThread "C2 CompilerThread0" daemon [_thread_blocked, id=6232, stack(0x0000000018670000,0x0000000018770000)]
  0x0000000017eb8000 JavaThread "Attach Listener" daemon [_thread_blocked, id=2852, stack(0x0000000018570000,0x0000000018670000)]
  0x0000000017eb7000 JavaThread "Signal Dispatcher" daemon [_thread_blocked, id=10012, stack(0x0000000018470000,0x0000000018570000)]
  0x00000000021fe000 JavaThread "Finalizer" daemon [_thread_blocked, id=10180, stack(0x0000000018290000,0x0000000018390000)]
  0x00000000021f7000 JavaThread "Reference Handler" daemon [_thread_blocked, id=1904, stack(0x0000000017d90000,0x0000000017e90000)]
  0x0000000002100800 JavaThread "main" [_thread_blocked, id=8284, stack(0x0000000002000000,0x0000000002100000)]

Other Threads:
  0x0000000015fb9000 VMThread [stack: 0x0000000017c90000,0x0000000017d90000] [id=8796]
  0x0000000017f84800 WatcherThread [stack: 0x0000000018b70000,0x0000000018c70000] [id=592]

=>0x000000000211d000 (exited) GCTaskThread [stack: 0x0000000011ed0000,0x0000000011fd0000] [id=9160]

VM state:at safepoint (normal execution)

VM Mutex/Monitor currently owned by a thread:  ([mutex/lock_event])
[0x0000000001ffb830] Threads_lock - owner thread: 0x0000000015fb9000
[0x0000000001ffc630] Heap_lock - owner thread: 0x000000001edfe000

Heap:
 PSYoungGen      total 402432K, used 385137K [0x00000000e0000000, 0x0000000100000000, 0x0000000100000000)
  eden space 299008K, 100% used [0x00000000e0000000,0x00000000f2400000,0x00000000f2400000)
  from space 103424K, 83% used [0x00000000f9b00000,0x00000000fef1c4a8,0x0000000100000000)
  to   space 112640K, 71% used [0x00000000f2400000,0x00000000f72ae128,0x00000000f9200000)
 ParOldGen       total 293376K, used 122875K [0x00000000a0000000, 0x00000000b1e80000, 0x00000000e0000000)
  object space 293376K, 41% used [0x00000000a0000000,0x00000000a77fec78,0x00000000b1e80000)
 Metaspace       used 105789K, capacity 112992K, committed 113176K, reserved 1146880K
  class space    used 13839K, capacity 15364K, committed 15384K, reserved 1048576K

Card table byte_map: [0x00000000115c0000,0x00000000118d0000] byte_map_base: 0x00000000110c0000

Marking Bits: (ParMarkBitMap*) 0x0000000066efa6d0
 Begin Bits: [0x00000000122d0000, 0x0000000013ad0000)
 End Bits:   [0x0000000013ad0000, 0x00000000152d0000)

Polling page: 0x0000000001e80000

CodeCache: size=245760Kb used=66641Kb max_used=66694Kb free=179118Kb
 bounds [0x0000000002200000, 0x00000000063a0000, 0x0000000011200000]
 total_blobs=20089 nmethods=19234 adapters=766
 compilation: enabled

Compilation events (10 events):
Event: 1213.692 Thread 0x0000000017eb9800 24824       4       com.sun.org.apache.xerces.internal.impl.dtd.XMLElementDecl::<init> (37 bytes)
Event: 1213.692 Thread 0x0000000017ecd000 nmethod 24823 0x0000000004f8aad0 code [0x0000000004f8ac80, 0x0000000004f8b268]
Event: 1213.693 Thread 0x0000000017eb9800 nmethod 24824 0x00000000053cac90 code [0x00000000053cade0, 0x00000000053caf58]
Event: 1213.693 Thread 0x0000000017ebd000 nmethod 24820 0x0000000002dc1f50 code [0x0000000002dc2100, 0x0000000002dc2a98]
Event: 1213.694 Thread 0x0000000017ecd000 24825       3       org.gradle.internal.component.external.descriptor.DefaultExclude::<init> (40 bytes)
Event: 1213.695 Thread 0x0000000017ecd000 nmethod 24825 0x0000000003302c10 code [0x0000000003302da0, 0x00000000033031c8]
Event: 1213.716 Thread 0x0000000017ecd000 24826       3       org.gradle.api.internal.artifacts.ivyservice.ivyresolve.parser.PomReader::<init> (192 bytes)
Event: 1213.718 Thread 0x0000000017ecd000 nmethod 24826 0x0000000004939c10 code [0x000000000493a040, 0x000000000493bf88]
Event: 1213.720 Thread 0x0000000017ecd000 24827       3       com.sun.org.apache.xerces.internal.util.XMLChar::isMarkup (24 bytes)
Event: 1213.720 Thread 0x0000000017ecd000 nmethod 24827 0x0000000005137c90 code [0x0000000005137de0, 0x0000000005137ff0]

GC Heap History (10 events):
Event: 529.520 GC heap after
Heap after GC invocations=28 (full 3):
 PSYoungGen      total 373760K, used 57949K [0x00000000e0000000, 0x00000000fe300000, 0x0000000100000000)
  eden space 297472K, 0% used [0x00000000e0000000,0x00000000e0000000,0x00000000f2280000)
  from space 76288K, 75% used [0x00000000f2280000,0x00000000f5b17630,0x00000000f6d00000)
  to   space 80896K, 0% used [0x00000000f9400000,0x00000000f9400000,0x00000000fe300000)
 ParOldGen       total 171008K, used 114093K [0x00000000a0000000, 0x00000000aa700000, 0x00000000e0000000)
  object space 171008K, 66% used [0x00000000a0000000,0x00000000a6f6b5d8,0x00000000aa700000)
 Metaspace       used 91943K, capacity 98484K, committed 98584K, reserved 1134592K
  class space    used 12180K, capacity 13568K, committed 13592K, reserved 1048576K
}
Event: 529.520 GC heap before
{Heap before GC invocations=29 (full 4):
 PSYoungGen      total 373760K, used 57949K [0x00000000e0000000, 0x00000000fe300000, 0x0000000100000000)
  eden space 297472K, 0% used [0x00000000e0000000,0x00000000e0000000,0x00000000f2280000)
  from space 76288K, 75% used [0x00000000f2280000,0x00000000f5b17630,0x00000000f6d00000)
  to   space 80896K, 0% used [0x00000000f9400000,0x00000000f9400000,0x00000000fe300000)
 ParOldGen       total 171008K, used 114093K [0x00000000a0000000, 0x00000000aa700000, 0x00000000e0000000)
  object space 171008K, 66% used [0x00000000a0000000,0x00000000a6f6b5d8,0x00000000aa700000)
 Metaspace       used 91943K, capacity 98484K, committed 98584K, reserved 1134592K
  class space    used 12180K, capacity 13568K, committed 13592K, reserved 1048576K
Event: 529.804 GC heap after
Heap after GC invocations=29 (full 4):
 PSYoungGen      total 373760K, used 0K [0x00000000e0000000, 0x00000000fe300000, 0x0000000100000000)
  eden space 297472K, 0% used [0x00000000e0000000,0x00000000e0000000,0x00000000f2280000)
  from space 76288K, 0% used [0x00000000f2280000,0x00000000f2280000,0x00000000f6d00000)
  to   space 80896K, 0% used [0x00000000f9400000,0x00000000f9400000,0x00000000fe300000)
 ParOldGen       total 293376K, used 118298K [0x00000000a0000000, 0x00000000b1e80000, 0x00000000e0000000)
  object space 293376K, 40% used [0x00000000a0000000,0x00000000a7386b30,0x00000000b1e80000)
 Metaspace       used 91900K, capacity 98366K, committed 98584K, reserved 1134592K
  class space    used 12166K, capacity 13552K, committed 13592K, reserved 1048576K
}
Event: 532.571 GC heap before
{Heap before GC invocations=30 (full 4):
 PSYoungGen      total 373760K, used 297472K [0x00000000e0000000, 0x00000000fe300000, 0x0000000100000000)
  eden space 297472K, 100% used [0x00000000e0000000,0x00000000f2280000,0x00000000f2280000)
  from space 76288K, 0% used [0x00000000f2280000,0x00000000f2280000,0x00000000f6d00000)
  to   space 80896K, 0% used [0x00000000f9400000,0x00000000f9400000,0x00000000fe300000)
 ParOldGen       total 293376K, used 118298K [0x00000000a0000000, 0x00000000b1e80000, 0x00000000e0000000)
  object space 293376K, 40% used [0x00000000a0000000,0x00000000a7386b30,0x00000000b1e80000)
 Metaspace       used 99992K, capacity 106620K, committed 106904K, reserved 1142784K
  class space    used 13037K, capacity 14429K, committed 14488K, reserved 1048576K
Event: 532.639 GC heap after
Heap after GC invocations=30 (full 4):
 PSYoungGen      total 400384K, used 80867K [0x00000000e0000000, 0x0000000100000000, 0x0000000100000000)
  eden space 319488K, 0% used [0x00000000e0000000,0x00000000e0000000,0x00000000f3800000)
  from space 80896K, 99% used [0x00000000f9400000,0x00000000fe2f8ca8,0x00000000fe300000)
  to   space 94208K, 0% used [0x00000000f3800000,0x00000000f3800000,0x00000000f9400000)
 ParOldGen       total 293376K, used 122576K [0x00000000a0000000, 0x00000000b1e80000, 0x00000000e0000000)
  object space 293376K, 41% used [0x00000000a0000000,0x00000000a77b4010,0x00000000b1e80000)
 Metaspace       used 99992K, capacity 106620K, committed 106904K, reserved 1142784K
  class space    used 13037K, capacity 14429K, committed 14488K, reserved 1048576K
}
Event: 533.588 GC heap before
{Heap before GC invocations=31 (full 4):
 PSYoungGen      total 400384K, used 397335K [0x00000000e0000000, 0x0000000100000000, 0x0000000100000000)
  eden space 319488K, 99% used [0x00000000e0000000,0x00000000f350d160,0x00000000f3800000)
  from space 80896K, 99% used [0x00000000f9400000,0x00000000fe2f8ca8,0x00000000fe300000)
  to   space 94208K, 0% used [0x00000000f3800000,0x00000000f3800000,0x00000000f9400000)
 ParOldGen       total 293376K, used 122576K [0x00000000a0000000, 0x00000000b1e80000, 0x00000000e0000000)
  object space 293376K, 41% used [0x00000000a0000000,0x00000000a77b4010,0x00000000b1e80000)
 Metaspace       used 101357K, capacity 108056K, committed 108184K, reserved 1142784K
  class space    used 13209K, capacity 14619K, committed 14744K, reserved 1048576K
Event: 533.626 GC heap after
Heap after GC invocations=31 (full 4):
 PSYoungGen      total 413696K, used 79873K [0x00000000e0000000, 0x0000000100000000, 0x0000000100000000)
  eden space 319488K, 0% used [0x00000000e0000000,0x00000000e0000000,0x00000000f3800000)
  from space 94208K, 84% used [0x00000000f3800000,0x00000000f8600660,0x00000000f9400000)
  to   space 103424K, 0% used [0x00000000f9b00000,0x00000000f9b00000,0x0000000100000000)
 ParOldGen       total 293376K, used 122840K [0x00000000a0000000, 0x00000000b1e80000, 0x00000000e0000000)
  object space 293376K, 41% used [0x00000000a0000000,0x00000000a77f6028,0x00000000b1e80000)
 Metaspace       used 101357K, capacity 108056K, committed 108184K, reserved 1142784K
  class space    used 13209K, capacity 14619K, committed 14744K, reserved 1048576K
}
Event: 534.037 GC heap before
{Heap before GC invocations=32 (full 4):
 PSYoungGen      total 413696K, used 398868K [0x00000000e0000000, 0x0000000100000000, 0x0000000100000000)
  eden space 319488K, 99% used [0x00000000e0000000,0x00000000f3784b70,0x00000000f3800000)
  from space 94208K, 84% used [0x00000000f3800000,0x00000000f8600660,0x00000000f9400000)
  to   space 103424K, 0% used [0x00000000f9b00000,0x00000000f9b00000,0x0000000100000000)
 ParOldGen       total 293376K, used 122840K [0x00000000a0000000, 0x00000000b1e80000, 0x00000000e0000000)
  object space 293376K, 41% used [0x00000000a0000000,0x00000000a77f6028,0x00000000b1e80000)
 Metaspace       used 102280K, capacity 108998K, committed 109336K, reserved 1144832K
  class space    used 13358K, capacity 14772K, committed 14872K, reserved 1048576K
Event: 534.072 GC heap after
Heap after GC invocations=32 (full 4):
 PSYoungGen      total 402432K, used 86129K [0x00000000e0000000, 0x0000000100000000, 0x0000000100000000)
  eden space 299008K, 0% used [0x00000000e0000000,0x00000000e0000000,0x00000000f2400000)
  from space 103424K, 83% used [0x00000000f9b00000,0x00000000fef1c4a8,0x0000000100000000)
  to   space 112640K, 0% used [0x00000000f2400000,0x00000000f2400000,0x00000000f9200000)
 ParOldGen       total 293376K, used 122848K [0x00000000a0000000, 0x00000000b1e80000, 0x00000000e0000000)
  object space 293376K, 41% used [0x00000000a0000000,0x00000000a77f8028,0x00000000b1e80000)
 Metaspace       used 102280K, capacity 108998K, committed 109336K, reserved 1144832K
  class space    used 13358K, capacity 14772K, committed 14872K, reserved 1048576K
}
Event: 1213.723 GC heap before
{Heap before GC invocations=33 (full 4):
 PSYoungGen      total 402432K, used 385137K [0x00000000e0000000, 0x0000000100000000, 0x0000000100000000)
  eden space 299008K, 100% used [0x00000000e0000000,0x00000000f2400000,0x00000000f2400000)
  from space 103424K, 83% used [0x00000000f9b00000,0x00000000fef1c4a8,0x0000000100000000)
  to   space 112640K, 0% used [0x00000000f2400000,0x00000000f2400000,0x00000000f9200000)
 ParOldGen       total 293376K, used 122848K [0x00000000a0000000, 0x00000000b1e80000, 0x00000000e0000000)
  object space 293376K, 41% used [0x00000000a0000000,0x00000000a77f8028,0x00000000b1e80000)
 Metaspace       used 105789K, capacity 112992K, committed 113176K, reserved 1146880K
  class space    used 13839K, capacity 15364K, committed 15384K, reserved 1048576K

Deoptimization events (10 events):
Event: 1192.184 Thread 0x000000001edfe000 Uncommon trap: reason=class_check action=maybe_recompile pc=0x0000000003157c8c method=org.gradle.api.internal.artifacts.ivyservice.moduleconverter.dependencies.DefaultDependenciesToModuleDescriptorConverter.addDependencies(Lorg/gradle/internal/component/lo'
õ^Ó ’@
Event: 1192.206 Thread 0x000000001edfe000 Uncommon trap: reason=class_check action=maybe_recompile pc=0x0000000003157c8c method=org.gradle.api.internal.artifacts.ivyservice.moduleconverter.dependencies.DefaultDependenciesToModuleDescriptorConverter.addDependencies(Lorg/gradle/internal/component/loÂ1ÇÃVö’@
Event: 1213.585 Thread 0x000000001edfd000 Uncommon trap: reason=bimorphic action=maybe_recompile pc=0x00000000056f264c method=java.io.DataInputStream.readChar()C @ 4
Event: 1213.585 Thread 0x000000001edfd000 Uncommon trap: reason=bimorphic action=maybe_recompile pc=0x00000000056f264c method=java.io.DataInputStream.readChar()C @ 4
Event: 1213.585 Thread 0x000000001edfd000 Uncommon trap: reason=bimorphic action=maybe_recompile pc=0x00000000056f264c method=java.io.DataInputStream.readChar()C @ 4
Event: 1213.585 Thread 0x000000001edfd000 Uncommon trap: reason=bimorphic action=maybe_recompile pc=0x00000000056f264c method=java.io.DataInputStream.readChar()C @ 4
Event: 1213.596 Thread 0x000000001edfe000 Uncommon trap: reason=array_check action=maybe_recompile pc=0x0000000002b704f0 method=com.google.common.collect.ImmutableSet.construct(I[Ljava/lang/Object;)Lcom/google/common/collect/ImmutableSet; @ 122
Event: 1213.597 Thread 0x000000001edfe000 Uncommon trap: reason=array_check action=maybe_recompile pc=0x0000000002b704f0 method=com.google.common.collect.ImmutableSet.construct(I[Ljava/lang/Object;)Lcom/google/common/collect/ImmutableSet; @ 122
Event: 1213.597 Thread 0x000000001edfe000 Uncommon trap: reason=array_check action=maybe_recompile pc=0x0000000002b704f0 method=com.google.common.collect.ImmutableSet.construct(I[Ljava/lang/Object;)Lcom/google/common/collect/ImmutableSet; @ 122
Event: 1213.597 Thread 0x000000001edfe000 Uncommon trap: reason=array_check action=maybe_recompile pc=0x0000000002b704f0 method=com.google.common.collect.ImmutableSet.construct(I[Ljava/lang/Object;)Lcom/google/common/collect/ImmutableSet; @ 122

Internal exceptions (10 events):
Event: 1189.260 Thread 0x000000001edfe000 Implicit null exception at 0x000000000370def9 to 0x000000000370e05d
Event: 1192.517 Thread 0x000000001edfe000 Exception <a 'sun/nio/fs/WindowsException'> (0x00000000f00f3c40) thrown at [C:\re\workspace\8-2-build-windows-amd64-cygwin\jdk8u101\7261\hotspot\src\share\vm\prims\jni.cpp, line 709]
Event: 1213.609 Thread 0x000000001edfe000 Exception <a 'java/lang/ClassNotFoundException': asLocalRepo17687_7q1kcsly08j294cqmn71g63guBeanInfo> (0x00000000f037b1c8) thrown at [C:\re\workspace\8-2-build-windows-amd64-cygwin\jdk8u101\7261\hotspot\src\share\vm\classfile\systemDictionary.cpp, line 210]·û¿oö’@
Event: 1213.609 Thread 0x000000001edfe000 Exception <a 'java/lang/ClassNotFoundException': asLocalRepo17687_7q1kcsly08j294cqmn71g63guCustomizer> (0x00000000f0385410) thrown at [C:\re\workspace\8-2-build-windows-amd64-cygwin\jdk8u101\7261\hotspot\src\share\vm\classfile\systemDictionary.cpp, line 21”Š·pwö’@
Event: 1213.617 Thread 0x000000001edfe000 Exception <a 'java/lang/ClassNotFoundException': ijinit38_epdigxygq8yakkddzii2rrue9BeanInfo> (0x00000000f04897f8) thrown at [C:\re\workspace\8-2-build-windows-amd64-cygwin\jdk8u101\7261\hotspot\src\share\vm\classfile\systemDictionary.cpp, line 210]
Event: 1213.617 Thread 0x000000001edfe000 Exception <a 'java/lang/ClassNotFoundException': ijinit38_epdigxygq8yakkddzii2rrue9Customizer> (0x00000000f0492d78) thrown at [C:\re\workspace\8-2-build-windows-amd64-cygwin\jdk8u101\7261\hotspot\src\share\vm\classfile\systemDictionary.cpp, line 210]
Event: 1213.632 Thread 0x000000001edfe000 Exception <a 'java/lang/ClassNotFoundException': ijinit38_epdigxygq8yakkddzii2rrue9BeanInfo> (0x00000000f05cf1d0) thrown at [C:\re\workspace\8-2-build-windows-amd64-cygwin\jdk8u101\7261\hotspot\src\share\vm\classfile\systemDictionary.cpp, line 210]
Event: 1213.632 Thread 0x000000001edfe000 Exception <a 'java/lang/ClassNotFoundException': ijinit38_epdigxygq8yakkddzii2rrue9Customizer> (0x00000000f05d86e8) thrown at [C:\re\workspace\8-2-build-windows-amd64-cygwin\jdk8u101\7261\hotspot\src\share\vm\classfile\systemDictionary.cpp, line 210]
Event: 1213.648 Thread 0x000000001edfe000 Exception <a 'java/lang/ClassNotFoundException': JetGradlePluginBeanInfo> (0x00000000f06f33d0) thrown at [C:\re\workspace\8-2-build-windows-amd64-cygwin\jdk8u101\7261\hotspot\src\share\vm\classfile\systemDictionary.cpp, line 210]
Event: 1213.648 Thread 0x000000001edfe000 Exception <a 'java/lang/ClassNotFoundException': JetGradlePluginCustomizer> (0x00000000f06fb8c8) thrown at [C:\re\workspace\8-2-build-windows-amd64-cygwin\jdk8u101\7261\hotspot\src\share\vm\classfile\systemDictionary.cpp, line 210]

Events (10 events):
Event: 1213.654 Thread 0x0000000017ecd000 flushing nmethod 0x0000000004544290
Event: 1213.669 Thread 0x0000000017ecd000 flushing nmethod 0x0000000004937a90
Event: 1213.673 Thread 0x0000000017ecd000 flushing nmethod 0x0000000004f8aad0
Event: 1213.680 Thread 0x0000000017eb9800 flushing nmethod 0x00000000050f5d90
Event: 1213.680 Thread 0x0000000017eb9800 flushing nmethod 0x0000000005137b90
Event: 1213.681 Thread 0x0000000017eb9800 flushing nmethod 0x00000000053cad90
Event: 1213.684 Thread 0x0000000017ec1000 flushing nmethod 0x000000000560d910
Event: 1213.693 Thread 0x0000000017ecd000 flushing nmethod 0x0000000005bb6a10
Event: 1213.696 Thread 0x0000000017ecd000 flushing nmethod 0x0000000006254150
Event: 1213.723 Executing VM operation: ParallelGCFailedAllocation


Dynamic libraries:
0x00007ff6e4aa0000 - 0x00007ff6e4ad7000 	C:\Program Files\Java\jdk1.8.0_101\bin\java.exe
0x00007fffc56b0000 - 0x00007fffc585d000 	C:\Windows\SYSTEM32\ntdll.dll
0x00007fffc5570000 - 0x00007fffc56ae000 	C:\Windows\system32\KERNEL32.DLL
0x00007fffc2c10000 - 0x00007fffc2d25000 	C:\Windows\system32\KERNELBASE.dll
0x00007fffc1370000 - 0x00007fffc13fe000 	C:\Windows\system32\apphelp.dll
0x00007fffb3520000 - 0x00007fffb3573000 	C:\Windows\AppPatch\AppPatch64\AcGenral.DLL
0x00007fffc3700000 - 0x00007fffc37aa000 	C:\Windows\system32\msvcrt.dll
0x00007fffc2a00000 - 0x00007fffc2a2e000 	C:\Windows\system32\SspiCli.dll
0x00007fffc2f30000 - 0x00007fffc2f84000 	C:\Windows\system32\SHLWAPI.dll
0x00007fffc4fe0000 - 0x00007fffc5157000 	C:\Windows\system32\USER32.dll
0x00007fffc4ce0000 - 0x00007fffc4e74000 	C:\Windows\system32\ole32.dll
0x00007fffc37b0000 - 0x00007fffc4cd8000 	C:\Windows\system32\SHELL32.dll
0x00007fffc1d90000 - 0x00007fffc1db1000 	C:\Windows\SYSTEM32\USERENV.dll
0x00007fffc2e70000 - 0x00007fffc2f1a000 	C:\Windows\system32\ADVAPI32.dll
0x00007fffb8b40000 - 0x00007fffb8b5e000 	C:\Windows\SYSTEM32\MPR.dll
0x00007fffc2d30000 - 0x00007fffc2e70000 	C:\Windows\system32\RPCRT4.dll
0x00007fffc5160000 - 0x00007fffc51b9000 	C:\Windows\SYSTEM32\sechost.dll
0x00007fffc5200000 - 0x00007fffc5412000 	C:\Windows\SYSTEM32\combase.dll
0x00007fffc5420000 - 0x00007fffc556f000 	C:\Windows\system32\GDI32.dll
0x00007fffc27d0000 - 0x00007fffc27e5000 	C:\Windows\SYSTEM32\profapi.dll
0x00007fffc12b0000 - 0x00007fffc1362000 	C:\Windows\SYSTEM32\SHCORE.dll
0x00007fffc51c0000 - 0x00007fffc51f6000 	C:\Windows\system32\IMM32.DLL
0x00007fffc30c0000 - 0x00007fffc3212000 	C:\Windows\system32\MSCTF.dll
0x00007fffc04b0000 - 0x00007fffc072b000 	C:\Windows\WinSxS\amd64_microsoft.windows.common-controls_6595b64144ccf1df_6.0.9600.18006_none_623f33d3ecbe86e8\COMCTL32.dll
0x0000000068850000 - 0x0000000068922000 	C:\Program Files\Java\jdk1.8.0_101\jre\bin\msvcr100.dll
0x00000000666e0000 - 0x0000000066f7a000 	C:\Program Files\Java\jdk1.8.0_101\jre\bin\server\jvm.dll
0x00007fffa7830000 - 0x00007fffa7839000 	C:\Windows\SYSTEM32\WSOCK32.dll
0x00007fffbd050000 - 0x00007fffbd072000 	C:\Windows\SYSTEM32\WINMM.dll
0x00007fffbe560000 - 0x00007fffbe56a000 	C:\Windows\SYSTEM32\VERSION.dll
0x00007fffc2f20000 - 0x00007fffc2f27000 	C:\Windows\system32\PSAPI.DLL
0x00007fffc4f80000 - 0x00007fffc4fda000 	C:\Windows\system32\WS2_32.dll
0x00007fffbcc60000 - 0x00007fffbcc8a000 	C:\Windows\SYSTEM32\WINMMBASE.dll
0x00007fffc4f50000 - 0x00007fffc4f59000 	C:\Windows\system32\NSI.dll
0x00007fffc29b0000 - 0x00007fffc29ff000 	C:\Windows\SYSTEM32\cfgmgr32.dll
0x00007fffc15e0000 - 0x00007fffc1608000 	C:\Windows\SYSTEM32\DEVOBJ.dll
0x0000000068840000 - 0x000000006884f000 	C:\Program Files\Java\jdk1.8.0_101\jre\bin\verify.dll
0x0000000068810000 - 0x0000000068839000 	C:\Program Files\Java\jdk1.8.0_101\jre\bin\java.dll
0x00000000687f0000 - 0x0000000068806000 	C:\Program Files\Java\jdk1.8.0_101\jre\bin\zip.dll
0x0000000067a70000 - 0x0000000067a8a000 	C:\Program Files\Java\jdk1.8.0_101\jre\bin\net.dll
0x00007fffc2000000 - 0x00007fffc2059000 	C:\Windows\system32\mswsock.dll
0x0000000067a50000 - 0x0000000067a61000 	C:\Program Files\Java\jdk1.8.0_101\jre\bin\nio.dll
0x00007fffb8800000 - 0x00007fffb881e000 	C:\Users\Admin\.gradle\native\25\windows-amd64\native-platform.dll
0x00007fffc2060000 - 0x00007fffc2080000 	C:\Windows\SYSTEM32\CRYPTSP.dll
0x00007fffc1c80000 - 0x00007fffc1cb6000 	C:\Windows\system32\rsaenh.dll
0x00007fffc2310000 - 0x00007fffc2336000 	C:\Windows\SYSTEM32\bcrypt.dll
0x00007fffc2630000 - 0x00007fffc2693000 	C:\Windows\system32\bcryptprimitives.dll
0x00007fffc26a0000 - 0x00007fffc26ab000 	C:\Windows\SYSTEM32\CRYPTBASE.dll
0x00007fffbbfe0000 - 0x00007fffbc00a000 	C:\Windows\SYSTEM32\IPHLPAPI.DLL
0x00007fffbbfc0000 - 0x00007fffbbfca000 	C:\Windows\SYSTEM32\WINNSI.DLL
0x00007fffbb9c0000 - 0x00007fffbb9d6000 	C:\Windows\SYSTEM32\dhcpcsvc6.DLL
0x00007fffbbb00000 - 0x00007fffbbb1a000 	C:\Windows\SYSTEM32\dhcpcsvc.DLL
0x00000000687e0000 - 0x00000000687ed000 	C:\Program Files\Java\jdk1.8.0_101\jre\bin\management.dll
0x00007fffba560000 - 0x00007fffba592000 	C:\Windows\SYSTEM32\ntmarta.dll
0x0000000067950000 - 0x0000000067974000 	C:\Program Files\Java\jdk1.8.0_101\jre\bin\sunec.dll
0x0000000067940000 - 0x000000006794b000 	C:\Program Files\Java\jdk1.8.0_101\jre\bin\sunmscapi.dll
0x00007fffc2a30000 - 0x00007fffc2c0f000 	C:\Windows\system32\CRYPT32.dll
0x00007fffc2880000 - 0x00007fffc2891000 	C:\Windows\system32\MSASN1.dll
0x00007fffc1e00000 - 0x00007fffc1ea4000 	C:\Windows\SYSTEM32\DNSAPI.dll
0x00007fffae2e0000 - 0x00007fffae2ea000 	C:\Windows\System32\rasadhlp.dll
0x00007fffbbf00000 - 0x00007fffbbf6b000 	C:\Windows\System32\fwpuclnt.dll
0x00007fffad1d0000 - 0x00007fffad1e5000 	C:\Windows\system32\napinsp.dll
0x00007fffba010000 - 0x00007fffba02a000 	C:\Windows\system32\pnrpnsp.dll
0x00007fffbd470000 - 0x00007fffbd48b000 	C:\Windows\system32\NLAapi.dll
0x00007fffba030000 - 0x00007fffba03d000 	C:\Windows\System32\winrnr.dll
0x00007fffba050000 - 0x00007fffba064000 	C:\Windows\system32\wshbth.dll
0x00007fffa1ff0000 - 0x00007fffa2179000 	C:\Windows\SYSTEM32\dbghelp.dll

VM Arguments:
jvm_args: -Xmx1536m -Dfile.encoding=windows-1252 -Duser.country=US -Duser.language=en -Duser.variant 
java_command: org.gradle.launcher.daemon.bootstrap.GradleDaemon 4.0
java_class_path (initial): C:\Users\Admin\.gradle\wrapper\dists\gradle-4.0-all\ac27o8rbd0ic8ih41or9l32mv\gradle-4.0\lib\gradle-launcher-4.0.jar
Launcher Type: SUN_STANDARD

Environment Variables:
PATH=C:\Program Files\Broadcom\Broadcom 802.11 Network Adapter;C:\ProgramData\Oracle\Java\javapath;C:\Windows\system32;C:\Windows;C:\Windows\System32\Wbem;C:\Windows\System32\WindowsPowerShell\v1.0\;C:\Program Files (x86)\NVIDIA Corporation\PhysX\Common;D:\SVN\bin;D:\Git\cmd;C:\Go\bin
USERNAME=Admin
OS=Windows_NT
PROCESSOR_IDENTIFIER=Intel64 Family 6 Model 60 Stepping 3, GenuineIntel



---------------  S Y S T E M  ---------------

OS: Windows 8.1 , 64 bit Build 9600 (6.3.9600.17415)

CPU:total 8 (4 cores per cpu, 2 threads per core) family 6 model 60 stepping 3, cmov, cx8, fxsr, mmx, sse, sse2, sse3, ssse3, sse4.1, sse4.2, popcnt, avx, avx2, aes, clmul, erms, lzcnt, ht, tsc, tscinvbit, bmi1, bmi2

Memory: 4k page, physical 8285192k(3671168k free), swap 12217352k(7123284k free)

vm_info: Java HotSpot(TM) 64-Bit Server VM (25.101-b13) for windows-amd64 JRE (1.8.0_101-b13), built on Jun 22 2016 01:21:29 by "java_re" with MS VC++ 10.0 (VS2010)

time: Thu Aug 31 16:27:06 2017
elapsed time: 1213 seconds (0d 0h 20m 13s)

